2021-04-16T07:32:13+00:00 CRITICAL Uncaught Error: Object of class WC_Shipping_Rate could not be converted to string in C:\xampp\htdocs\project1\wp-content\plugins\woocommerce\templates\cart\cart-shipping.php:27
Stack trace:
#0 C:\xampp\htdocs\project1\wp-content\plugins\woocommerce\templates\cart\cart-shipping.php(27): implode(',', Array)
#1 C:\xampp\htdocs\project1\wp-content\plugins\woocommerce\templates\cart\cart-shipping.php(38): debug_to_console(Array)
#2 C:\xampp\htdocs\project1\wp-content\plugins\woocommerce\includes\wc-core-functions.php(345): include('C:\\xampp\\htdocs...')
#3 C:\xampp\htdocs\project1\wp-content\plugins\woocommerce\includes\wc-cart-functions.php(235): wc_get_template('cart/cart-shipp...', Array)
#4 C:\xampp\htdocs\project1\wp-content\plugins\woocommerce\templates\cart\cart-totals.php(45): wc_cart_totals_shipping_html()
#5 C:\xampp\htdocs\project1\wp-content\plugins\woocommerce\includes\wc-core-functions.php(345): include('C:\\xampp\\htdocs...')
#6 C:\xampp\htdocs\project1\wp-content\plugins\woocommerce\includes\wc-template-functions.php(2065): wc_get_template('cart/cart-total...')
#7 C:\xampp\htdocs\project1\wp-includes\class-wp-hook.php(292): woocommerce_cart_totals('')
#8 C:\xampp\htdocs\project1\wp-includes\class-wp-hook.php(316): WP_Hook->apply_filters(NULL, Array)
#9 C:\xampp\htdocs\project1\wp-includes\plugin.php(484): WP_Hook->do_action(Array)
#10 C:\xampp\htdocs\project1\wp-content\plugins\woocommerce\templates\cart\cart.php(172): do_action('woocommerce_car...')
#11 C:\xampp\htdocs\project1\wp-content\plugins\woocommerce\includes\wc-core-functions.php(345): include('C:\\xampp\\htdocs...')
#12 C:\xampp\htdocs\project1\wp-content\plugins\woocommerce\includes\shortcodes\class-wc-shortcode-cart.php(99): wc_get_template('cart/cart.php')
#13 C:\xampp\htdocs\project1\wp-content\plugins\woocommerce\includes\class-wc-shortcodes.php(72): WC_Shortcode_Cart::output(Array)
#14 C:\xampp\htdocs\project1\wp-content\plugins\woocommerce\includes\class-wc-shortcodes.php(85): WC_Shortcodes::shortcode_wrapper(Array)
#15 C:\xampp\htdocs\project1\wp-includes\shortcodes.php(343): WC_Shortcodes::cart('', '', 'woocommerce_car...')
#16 [internal function]: do_shortcode_tag(Array)
#17 C:\xampp\htdocs\project1\wp-includes\shortcodes.php(218): preg_replace_callback('/\\[(\\[?)(woocom...', 'do_shortcode_ta...', '[woocommerce_ca...')
#18 C:\xampp\htdocs\project1\wp-includes\class-wp-hook.php(292): do_shortcode('[woocommerce_ca...')
#19 C:\xampp\htdocs\project1\wp-includes\plugin.php(212): WP_Hook->apply_filters('[woocommerce_ca...', Array)
#20 C:\xampp\htdocs\project1\wp-includes\post-template.php(253): apply_filters('the_content', '<!-- wp:shortco...')
#21 C:\xampp\htdocs\project1\wp-content\themes\twentynineteen\template-parts\content\content-page.php(23): the_content()
#22 C:\xampp\htdocs\project1\wp-includes\template.php(732): require('C:\\xampp\\htdocs...')
#23 C:\xampp\htdocs\project1\wp-includes\template.php(676): load_template('C:\\xampp\\htdocs...', false, Array)
#24 C:\xampp\htdocs\project1\wp-includes\general-template.php(204): locate_template(Array, true, false, Array)
#25 C:\xampp\htdocs\project1\wp-content\themes\twentynineteen\page.php(24): get_template_part('template-parts/...', 'page')
#26 C:\xampp\htdocs\project1\wp-includes\template-loader.php(106): include('C:\\xampp\\htdocs...')
#27 C:\xampp\htdocs\project1\wp-blog-header.php(19): require_once('C:\\xampp\\htdocs...')
#28 C:\xampp\htdocs\project1\index.php(17): require('C:\\xampp\\htdocs...')
#29 {main}
  thrown di C:\xampp\htdocs\project1\wp-content\plugins\woocommerce\templates\cart\cart-shipping.php pada baris 27

2021-04-16T07:33:59+00:00 CRITICAL Uncaught Error: Object of class WC_Shipping_Rate could not be converted to string in C:\xampp\htdocs\project1\wp-content\plugins\woocommerce\templates\cart\cart-shipping.php:27
Stack trace:
#0 C:\xampp\htdocs\project1\wp-content\plugins\woocommerce\templates\cart\cart-shipping.php(27): implode(',', Array)
#1 C:\xampp\htdocs\project1\wp-content\plugins\woocommerce\templates\cart\cart-shipping.php(45): debug_to_console(Array)
#2 C:\xampp\htdocs\project1\wp-content\plugins\woocommerce\includes\wc-core-functions.php(345): include('C:\\xampp\\htdocs...')
#3 C:\xampp\htdocs\project1\wp-content\plugins\woocommerce\includes\wc-cart-functions.php(235): wc_get_template('cart/cart-shipp...', Array)
#4 C:\xampp\htdocs\project1\wp-content\plugins\woocommerce\templates\cart\cart-totals.php(45): wc_cart_totals_shipping_html()
#5 C:\xampp\htdocs\project1\wp-content\plugins\woocommerce\includes\wc-core-functions.php(345): include('C:\\xampp\\htdocs...')
#6 C:\xampp\htdocs\project1\wp-content\plugins\woocommerce\includes\wc-template-functions.php(2065): wc_get_template('cart/cart-total...')
#7 C:\xampp\htdocs\project1\wp-includes\class-wp-hook.php(292): woocommerce_cart_totals('')
#8 C:\xampp\htdocs\project1\wp-includes\class-wp-hook.php(316): WP_Hook->apply_filters(NULL, Array)
#9 C:\xampp\htdocs\project1\wp-includes\plugin.php(484): WP_Hook->do_action(Array)
#10 C:\xampp\htdocs\project1\wp-content\plugins\woocommerce\templates\cart\cart.php(172): do_action('woocommerce_car...')
#11 C:\xampp\htdocs\project1\wp-content\plugins\woocommerce\includes\wc-core-functions.php(345): include('C:\\xampp\\htdocs...')
#12 C:\xampp\htdocs\project1\wp-content\plugins\woocommerce\includes\shortcodes\class-wc-shortcode-cart.php(99): wc_get_template('cart/cart.php')
#13 C:\xampp\htdocs\project1\wp-content\plugins\woocommerce\includes\class-wc-shortcodes.php(72): WC_Shortcode_Cart::output(Array)
#14 C:\xampp\htdocs\project1\wp-content\plugins\woocommerce\includes\class-wc-shortcodes.php(85): WC_Shortcodes::shortcode_wrapper(Array)
#15 C:\xampp\htdocs\project1\wp-includes\shortcodes.php(343): WC_Shortcodes::cart('', '', 'woocommerce_car...')
#16 [internal function]: do_shortcode_tag(Array)
#17 C:\xampp\htdocs\project1\wp-includes\shortcodes.php(218): preg_replace_callback('/\\[(\\[?)(woocom...', 'do_shortcode_ta...', '[woocommerce_ca...')
#18 C:\xampp\htdocs\project1\wp-includes\class-wp-hook.php(292): do_shortcode('[woocommerce_ca...')
#19 C:\xampp\htdocs\project1\wp-includes\plugin.php(212): WP_Hook->apply_filters('[woocommerce_ca...', Array)
#20 C:\xampp\htdocs\project1\wp-includes\post-template.php(253): apply_filters('the_content', '<!-- wp:shortco...')
#21 C:\xampp\htdocs\project1\wp-content\themes\twentynineteen\template-parts\content\content-page.php(23): the_content()
#22 C:\xampp\htdocs\project1\wp-includes\template.php(732): require('C:\\xampp\\htdocs...')
#23 C:\xampp\htdocs\project1\wp-includes\template.php(676): load_template('C:\\xampp\\htdocs...', false, Array)
#24 C:\xampp\htdocs\project1\wp-includes\general-template.php(204): locate_template(Array, true, false, Array)
#25 C:\xampp\htdocs\project1\wp-content\themes\twentynineteen\page.php(24): get_template_part('template-parts/...', 'page')
#26 C:\xampp\htdocs\project1\wp-includes\template-loader.php(106): include('C:\\xampp\\htdocs...')
#27 C:\xampp\htdocs\project1\wp-blog-header.php(19): require_once('C:\\xampp\\htdocs...')
#28 C:\xampp\htdocs\project1\index.php(17): require('C:\\xampp\\htdocs...')
#29 {main}
  thrown di C:\xampp\htdocs\project1\wp-content\plugins\woocommerce\templates\cart\cart-shipping.php pada baris 27

2021-04-16T07:34:51+00:00 CRITICAL Uncaught Error: Object of class WC_Shipping_Rate could not be converted to string in C:\xampp\htdocs\project1\wp-content\plugins\woocommerce\templates\cart\cart-shipping.php:27
Stack trace:
#0 C:\xampp\htdocs\project1\wp-content\plugins\woocommerce\templates\cart\cart-shipping.php(27): implode(',', Array)
#1 C:\xampp\htdocs\project1\wp-content\plugins\woocommerce\templates\cart\cart-shipping.php(45): debug_to_console(Array)
#2 C:\xampp\htdocs\project1\wp-content\plugins\woocommerce\includes\wc-core-functions.php(345): include('C:\\xampp\\htdocs...')
#3 C:\xampp\htdocs\project1\wp-content\plugins\woocommerce\includes\wc-cart-functions.php(235): wc_get_template('cart/cart-shipp...', Array)
#4 C:\xampp\htdocs\project1\wp-content\plugins\woocommerce\templates\cart\cart-totals.php(45): wc_cart_totals_shipping_html()
#5 C:\xampp\htdocs\project1\wp-content\plugins\woocommerce\includes\wc-core-functions.php(345): include('C:\\xampp\\htdocs...')
#6 C:\xampp\htdocs\project1\wp-content\plugins\woocommerce\includes\wc-template-functions.php(2065): wc_get_template('cart/cart-total...')
#7 C:\xampp\htdocs\project1\wp-includes\class-wp-hook.php(292): woocommerce_cart_totals('')
#8 C:\xampp\htdocs\project1\wp-includes\class-wp-hook.php(316): WP_Hook->apply_filters(NULL, Array)
#9 C:\xampp\htdocs\project1\wp-includes\plugin.php(484): WP_Hook->do_action(Array)
#10 C:\xampp\htdocs\project1\wp-content\plugins\woocommerce\templates\cart\cart.php(172): do_action('woocommerce_car...')
#11 C:\xampp\htdocs\project1\wp-content\plugins\woocommerce\includes\wc-core-functions.php(345): include('C:\\xampp\\htdocs...')
#12 C:\xampp\htdocs\project1\wp-content\plugins\woocommerce\includes\shortcodes\class-wc-shortcode-cart.php(99): wc_get_template('cart/cart.php')
#13 C:\xampp\htdocs\project1\wp-content\plugins\woocommerce\includes\class-wc-shortcodes.php(72): WC_Shortcode_Cart::output(Array)
#14 C:\xampp\htdocs\project1\wp-content\plugins\woocommerce\includes\class-wc-shortcodes.php(85): WC_Shortcodes::shortcode_wrapper(Array)
#15 C:\xampp\htdocs\project1\wp-includes\shortcodes.php(343): WC_Shortcodes::cart('', '', 'woocommerce_car...')
#16 [internal function]: do_shortcode_tag(Array)
#17 C:\xampp\htdocs\project1\wp-includes\shortcodes.php(218): preg_replace_callback('/\\[(\\[?)(woocom...', 'do_shortcode_ta...', '[woocommerce_ca...')
#18 C:\xampp\htdocs\project1\wp-includes\class-wp-hook.php(292): do_shortcode('[woocommerce_ca...')
#19 C:\xampp\htdocs\project1\wp-includes\plugin.php(212): WP_Hook->apply_filters('[woocommerce_ca...', Array)
#20 C:\xampp\htdocs\project1\wp-includes\post-template.php(253): apply_filters('the_content', '<!-- wp:shortco...')
#21 C:\xampp\htdocs\project1\wp-content\themes\twentynineteen\template-parts\content\content-page.php(23): the_content()
#22 C:\xampp\htdocs\project1\wp-includes\template.php(732): require('C:\\xampp\\htdocs...')
#23 C:\xampp\htdocs\project1\wp-includes\template.php(676): load_template('C:\\xampp\\htdocs...', false, Array)
#24 C:\xampp\htdocs\project1\wp-includes\general-template.php(204): locate_template(Array, true, false, Array)
#25 C:\xampp\htdocs\project1\wp-content\themes\twentynineteen\page.php(24): get_template_part('template-parts/...', 'page')
#26 C:\xampp\htdocs\project1\wp-includes\template-loader.php(106): include('C:\\xampp\\htdocs...')
#27 C:\xampp\htdocs\project1\wp-blog-header.php(19): require_once('C:\\xampp\\htdocs...')
#28 C:\xampp\htdocs\project1\index.php(17): require('C:\\xampp\\htdocs...')
#29 {main}
  thrown di C:\xampp\htdocs\project1\wp-content\plugins\woocommerce\templates\cart\cart-shipping.php pada baris 27

2021-04-16T07:36:12+00:00 CRITICAL Uncaught TypeError: printf(): Argument #1 ($format) must be of type string, array given in C:\xampp\htdocs\project1\wp-content\plugins\woocommerce\templates\cart\cart-shipping.php:42
Stack trace:
#0 C:\xampp\htdocs\project1\wp-content\plugins\woocommerce\templates\cart\cart-shipping.php(42): printf(Array)
#1 C:\xampp\htdocs\project1\wp-content\plugins\woocommerce\includes\wc-core-functions.php(345): include('C:\\xampp\\htdocs...')
#2 C:\xampp\htdocs\project1\wp-content\plugins\woocommerce\includes\wc-cart-functions.php(235): wc_get_template('cart/cart-shipp...', Array)
#3 C:\xampp\htdocs\project1\wp-content\plugins\woocommerce\templates\cart\cart-totals.php(45): wc_cart_totals_shipping_html()
#4 C:\xampp\htdocs\project1\wp-content\plugins\woocommerce\includes\wc-core-functions.php(345): include('C:\\xampp\\htdocs...')
#5 C:\xampp\htdocs\project1\wp-content\plugins\woocommerce\includes\wc-template-functions.php(2065): wc_get_template('cart/cart-total...')
#6 C:\xampp\htdocs\project1\wp-includes\class-wp-hook.php(292): woocommerce_cart_totals('')
#7 C:\xampp\htdocs\project1\wp-includes\class-wp-hook.php(316): WP_Hook->apply_filters(NULL, Array)
#8 C:\xampp\htdocs\project1\wp-includes\plugin.php(484): WP_Hook->do_action(Array)
#9 C:\xampp\htdocs\project1\wp-content\plugins\woocommerce\templates\cart\cart.php(172): do_action('woocommerce_car...')
#10 C:\xampp\htdocs\project1\wp-content\plugins\woocommerce\includes\wc-core-functions.php(345): include('C:\\xampp\\htdocs...')
#11 C:\xampp\htdocs\project1\wp-content\plugins\woocommerce\includes\shortcodes\class-wc-shortcode-cart.php(99): wc_get_template('cart/cart.php')
#12 C:\xampp\htdocs\project1\wp-content\plugins\woocommerce\includes\class-wc-shortcodes.php(72): WC_Shortcode_Cart::output(Array)
#13 C:\xampp\htdocs\project1\wp-content\plugins\woocommerce\includes\class-wc-shortcodes.php(85): WC_Shortcodes::shortcode_wrapper(Array)
#14 C:\xampp\htdocs\project1\wp-includes\shortcodes.php(343): WC_Shortcodes::cart('', '', 'woocommerce_car...')
#15 [internal function]: do_shortcode_tag(Array)
#16 C:\xampp\htdocs\project1\wp-includes\shortcodes.php(218): preg_replace_callback('/\\[(\\[?)(woocom...', 'do_shortcode_ta...', '[woocommerce_ca...')
#17 C:\xampp\htdocs\project1\wp-includes\class-wp-hook.php(292): do_shortcode('[woocommerce_ca...')
#18 C:\xampp\htdocs\project1\wp-includes\plugin.php(212): WP_Hook->apply_filters('[woocommerce_ca...', Array)
#19 C:\xampp\htdocs\project1\wp-includes\post-template.php(253): apply_filters('the_content', '<!-- wp:shortco...')
#20 C:\xampp\htdocs\project1\wp-content\themes\twentynineteen\template-parts\content\content-page.php(23): the_content()
#21 C:\xampp\htdocs\project1\wp-includes\template.php(732): require('C:\\xampp\\htdocs...')
#22 C:\xampp\htdocs\project1\wp-includes\template.php(676): load_template('C:\\xampp\\htdocs...', false, Array)
#23 C:\xampp\htdocs\project1\wp-includes\general-template.php(204): locate_template(Array, true, false, Array)
#24 C:\xampp\htdocs\project1\wp-content\themes\twentynineteen\page.php(24): get_template_part('template-parts/...', 'page')
#25 C:\xampp\htdocs\project1\wp-includes\template-loader.php(106): include('C:\\xampp\\htdocs...')
#26 C:\xampp\htdocs\project1\wp-blog-header.php(19): require_once('C:\\xampp\\htdocs...')
#27 C:\xampp\htdocs\project1\index.php(17): require('C:\\xampp\\htdocs...')
#28 {main}
  thrown di C:\xampp\htdocs\project1\wp-content\plugins\woocommerce\templates\cart\cart-shipping.php pada baris 42

