********************************************************************************
DUPLICATOR-LITE PACKAGE-LOG: 19 April 2021 3:17 am
NOTICE: Do NOT post to public sites or forums 
********************************************************************************
VERSION:	1.4.0
WORDPRESS:	5.7.1
PHP INFO:	8.0.3 | SAPI: apache2handler
SERVER:		Apache/2.4.46 (Win64) OpenSSL/1.1.1j PHP/8.0.3 
PHP TIME LIMIT: (0) no time limit imposed 
PHP MAX MEMORY: 4294967296 (512M default) 
MEMORY STACK: 6MB

********************************************************************************
DATABASE:
********************************************************************************
BUILD MODE:   MYSQLDUMP
MYSQLTIMEOUT: 5000
MYSQLDUMP:    Is Supported
SQL CREATED: 20210419_vestanesiaagrimart_023797bd27242d282644_20210419031645_database.sql
SQL FILE SIZE: 1.66MB (1742666)
SQL FILE TIME: 2021-04-19 03:17:08
SQL RUNTIME: 7.59 sec.

********************************************************************************
ARCHIVE (ZIP):
********************************************************************************
ARCHIVE DIR:  C:/xampp/htdocs/project1
ARCHIVE FILE: 20210419_vestanesiaagrimart_023797bd27242d282644_20210419031645_archive.zip
FILTERS: *OFF*
DIRS:
	not set
FILES:
	not set
EXTS:  not set
----------------------------------------
COMPRESSING
SIZE:	146.84MB
STATS:	Dirs 1,637 | Files 10,288
SQL ADDED: 20210419_vestanesiaagrimart_023797bd27242d282644_20210419031645_database.sql
ZipArchive Object
(
    [lastId] => 11924
    [status] => 0
    [statusSys] => 0
    [numFiles] => 11925
    [filename] => C:\xampp\htdocs\project1\wp-content\backups-dup-lite\tmp\20210419_vestanesiaagrimart_023797bd27242d282644_20210419031645_archive.zip
    [comment] => 
)

FILE ADDED TO ZIP: 11924
COMPRESSION RESULT: '1'
COMPRESSED SIZE: 53.69MB
ARCHIVE RUNTIME: 11.66 sec.
MEMORY STACK: 10MB
building installer
add_extra_files1
add_extra_files2
add_extra_files3
add_extra_files4
Doing archive file check
add_extra_files5
add_extra_files6
add_extra_files8
Successfully opened zip C:/xampp/htdocs/project1/wp-content/backups-dup-lite/tmp/20210419_vestanesiaagrimart_023797bd27242d282644_20210419031645_archive.zip
Adding enhanced installer files to archive using ZipArchive
Installer files added to archive
Added to archive
After ziparchive close when adding installer

********************************************************************************
INTEGRITY CHECKS:
********************************************************************************
SQL FILE: 1.66MB
INSTALLER FILE: 63.96KB
ARCHIVE FILE: 55.26MB 
EXPECTED FILE/DIRECTORY COUNT: 11,925
ACTUAL FILE/DIRECTORY COUNT: 11,924
ARCHIVE CONSISTENCY TEST: Pass

********************************************************************************
RECORD ID:[1]
TOTAL PROCESS RUNTIME: 20.19 sec.
PEAK PHP MEMORY USED: 12MB
DONE PROCESSING => 20210419_vestanesiaagrimart 19 April 2021 3:17 am

